<?xml version="1.0" encoding="UTF-8"?>
<!-- Generated by org.testng.reporters.JUnitReportReporter -->
<testsuite hostname="DESKTOP-18OKU31" failures="0" tests="1" name="TestClass.Valid_Test" time="139.874" errors="0" timestamp="2021-01-27T13:12:43 IST" skipped="0">
  <testcase classname="TestClass.Valid_Test" name="Test1" time="139.874"/>
  <system-out/>
</testsuite> <!-- TestClass.Valid_Test -->
