<?xml version="1.0" encoding="UTF-8"?>
<!-- Generated by org.testng.reporters.JUnitReportReporter -->
<testsuite hostname="DESKTOP-18OKU31" failures="0" tests="3" name="TestClass.Test2" time="102.678" errors="0" timestamp="2021-01-20T23:11:52 IST" skipped="0">
  <testcase classname="TestClass.Test2" name="Test1" time="10.955"/>
  <system-out/>
  <testcase classname="TestClass.Test2" name="Test1" time="41.155"/>
  <system-out/>
  <testcase classname="TestClass.Test2" name="Test1" time="50.568"/>
  <system-out/>
</testsuite> <!-- TestClass.Test2 -->
