<?xml version="1.0" encoding="UTF-8"?>
<!-- Generated by org.testng.reporters.JUnitReportReporter -->
<testsuite hostname="DESKTOP-18OKU31" failures="0" tests="5" name="TestClass.Invalid_Test" time="90.322" errors="0" timestamp="2021-02-04T01:19:16 IST" skipped="0">
  <testcase classname="TestClass.Invalid_Test" name="invalidTest" time="17.309"/>
  <system-out/>
  <testcase classname="TestClass.Invalid_Test" name="invalidTest" time="18.645"/>
  <system-out/>
  <testcase classname="TestClass.Invalid_Test" name="invalidTest" time="17.270"/>
  <system-out/>
  <testcase classname="TestClass.Invalid_Test" name="invalidTest" time="19.978"/>
  <system-out/>
  <testcase classname="TestClass.Invalid_Test" name="invalidTest" time="17.120"/>
  <system-out/>
</testsuite> <!-- TestClass.Invalid_Test -->
