<?xml version="1.0" encoding="UTF-8"?>
<!-- Generated by org.testng.reporters.JUnitReportReporter -->
<testsuite hostname="DESKTOP-18OKU31" failures="0" tests="1" name="baseClass.BaseClass" time="4.354" errors="0" timestamp="2021-01-11T11:26:34 IST" skipped="0">
  <testcase classname="baseClass.BaseClass" name="invokebrowser" time="4.354"/>
  <system-out/>
</testsuite> <!-- baseClass.BaseClass -->
