<?xml version="1.0" encoding="UTF-8"?>
<!-- Generated by org.testng.reporters.JUnitReportReporter -->
<testsuite hostname="DESKTOP-18OKU31" failures="0" tests="1" name="TestClass.Valid_Test" time="0.000" errors="0" timestamp="2021-02-04T01:35:00 IST" skipped="1">
  <testcase classname="TestClass.Valid_Test" name="ValidTest" time="0.000">
    <skipped/>
  </testcase> <!-- ValidTest -->
  <system-out/>
</testsuite> <!-- TestClass.Valid_Test -->
