<?xml version="1.0" encoding="UTF-8"?>
<!-- Generated by org.testng.reporters.JUnitReportReporter -->
<testsuite hostname="DESKTOP-18OKU31" failures="0" tests="2" name="TestClass.App" time="99.994" errors="0" timestamp="2021-01-11T11:44:18 IST" skipped="0">
  <testcase classname="TestClass.App" name="invokebrowser" time="5.589"/>
  <system-out/>
  <testcase classname="TestClass.App" name="Test" time="94.405"/>
  <system-out/>
</testsuite> <!-- TestClass.App -->
