<?xml version="1.0" encoding="UTF-8"?>
<!-- Generated by org.testng.reporters.JUnitReportReporter -->
<testsuite hostname="DESKTOP-18OKU31" failures="0" tests="2" name="TestClass.Valid_Test" time="-1612338816.000" errors="1" timestamp="2021-02-03T13:22:43 IST" skipped="1">
  <testcase classname="TestClass.Valid_Test" name="invokebrowser" time="-1612338816.000">
    <error message="
Parameter &#039;browser&#039; is required by BeforeSuite on method invokebrowser but has not been marked @Optional or defined
in C:\Users\91950\AppData\Local\Temp\testng-eclipse-1782883462\testng-customsuite.xml" type="org.testng.TestNGException">
      <![CDATA[org.testng.TestNGException: 
Parameter 'browser' is required by BeforeSuite on method invokebrowser but has not been marked @Optional or defined
in C:\Users\91950\AppData\Local\Temp\testng-eclipse-1782883462\testng-customsuite.xml
at org.testng.internal.Parameters.createParams(Parameters.java:268)
at org.testng.internal.Parameters.createParametersForMethod(Parameters.java:356)
at org.testng.internal.Parameters.createParameters(Parameters.java:700)
at org.testng.internal.Parameters.createConfigurationParameters(Parameters.java:166)
at org.testng.internal.ConfigInvoker.invokeConfigurations(ConfigInvoker.java:301)
at org.testng.SuiteRunner.privateRun(SuiteRunner.java:327)
at org.testng.SuiteRunner.run(SuiteRunner.java:286)
at org.testng.SuiteRunnerWorker.runSuite(SuiteRunnerWorker.java:53)
at org.testng.SuiteRunnerWorker.run(SuiteRunnerWorker.java:96)
at org.testng.TestNG.runSuitesSequentially(TestNG.java:1218)
at org.testng.TestNG.runSuitesLocally(TestNG.java:1140)
at org.testng.TestNG.runSuites(TestNG.java:1069)
at org.testng.TestNG.run(TestNG.java:1037)
at org.testng.remote.AbstractRemoteTestNG.run(AbstractRemoteTestNG.java:115)
at org.testng.remote.RemoteTestNG.initAndRun(RemoteTestNG.java:251)
at org.testng.remote.RemoteTestNG.main(RemoteTestNG.java:77)
]]>
    </error>
  </testcase> <!-- invokebrowser -->
  <system-out/>
  <testcase classname="TestClass.Valid_Test" name="validTest" time="0.000">
    <skipped/>
  </testcase> <!-- validTest -->
  <system-out/>
</testsuite> <!-- TestClass.Valid_Test -->
